  Automatic MOC and UIC for target CMEngine
  Generating qrc_res.cpp
  Building Custom Rule D:/Projects/Dev/Engine/New/CMEngine (Linux)/CMEngine/CMakeLists.txt
  mocs_compilation_Debug.cpp
  main.cpp
  renderer.cpp
  mainwindow.cpp
  panel.cpp
  guibuilder.cpp
  properties.cpp
  basebutton.cpp
  utilsbutton.cpp
  tabsbutton.cpp
  shader.cpp
  mesh.cpp
  qrc_res.cpp
  Generazione del codice in corso...
  mocs_compilation_Debug.obj : rilevato modulo MSIL; il collegamento incrementale è disabilitato per MSIL; verrà eseguito il collegamento completo
glew32s.lib(glew.obj) : warning LNK4099: impossibile trovare il PDB '' con 'glew32s.lib(glew.obj)' o in ''; oggetto collegato senza informazioni di debug
     Creazione della libreria D:/Projects/Dev/Engine/New/CMEngine (Linux)/CMEngine/Build/Debug/CMEngine.lib e dell'oggetto D:/Projects/Dev/Engine/New/CMEngine (Linux)/CMEngine/Build/Debug/CMEngine.exp
LINK : warning LNK4098: la libreria predefinita 'LIBCMT' è in conflitto con l'utilizzo di altre librerie; usare /NODEFAULTLIB:libreria
main.obj : warning LNK4248: token typeref (0100003A) non risolto per 'QStyle'. L'immagine potrebbe non essere eseguita
  CMEngine.vcxproj -> D:\Projects\Dev\Engine\New\CMEngine (Linux)\CMEngine\Build\Debug\CMEngine.exe
  Deploying Qt libraries with windeployqt
  D:\Projects\Dev\Engine\New\CMEngine (Linux)\CMEngine\Build\Debug\CMEngine.exe 64 bit, debug executable
  Adding in plugin type generic for module: Qt6Gui
  Adding Qt6Network for qtuiotouchplugind.dll from plugin type: generic
  Adding in plugin type iconengines for module: Qt6Gui
  Adding Qt6Svg for qsvgicond.dll from plugin type: iconengines
  Adding in plugin type imageformats for module: Qt6Gui
  Adding in plugin type networkinformation for module: Qt6Network
  Adding in plugin type platforms for module: Qt6Gui
  Adding in plugin type styles for module: Qt6Widgets
  Adding in plugin type tls for module: Qt6Network
  Direct dependencies: Qt6Core Qt6Gui Qt6OpenGL Qt6OpenGLWidgets Qt6Widgets
  All dependencies   : Qt6Core Qt6Gui Qt6OpenGL Qt6OpenGLWidgets Qt6Widgets
  To be deployed     : Qt6Core Qt6Gui Qt6Network Qt6OpenGL Qt6OpenGLWidgets Qt6Svg Qt6Widgets
  Updating Qt6Cored.dll.
  Updating Qt6Guid.dll.
  Updating Qt6Networkd.dll.
  Updating Qt6OpenGLd.dll.
  Updating Qt6OpenGLWidgetsd.dll.
  Updating Qt6Svgd.dll.
  Updating Qt6Widgetsd.dll.
  Updating opengl32sw.dll.
  Updating D3Dcompiler_47.dll.
  Updating dxcompiler.dll.
  Updating dxil.dll.
  Creating directory D:/Projects/Dev/Engine/New/CMEngine (Linux)/CMEngine/Build/Debug/generic.
  Updating qtuiotouchplugind.dll.
  Creating directory D:/Projects/Dev/Engine/New/CMEngine (Linux)/CMEngine/Build/Debug/iconengines.
  Updating qsvgicond.dll.
  Creating directory D:/Projects/Dev/Engine/New/CMEngine (Linux)/CMEngine/Build/Debug/imageformats.
  Updating qgifd.dll.
  Updating qicod.dll.
  Updating qjpegd.dll.
  Updating qsvgd.dll.
  Creating directory D:/Projects/Dev/Engine/New/CMEngine (Linux)/CMEngine/Build/Debug/networkinformation.
  Updating qnetworklistmanagerd.dll.
  Creating directory D:/Projects/Dev/Engine/New/CMEngine (Linux)/CMEngine/Build/Debug/platforms.
  Updating qwindowsd.dll.
  Creating directory D:/Projects/Dev/Engine/New/CMEngine (Linux)/CMEngine/Build/Debug/styles.
  Updating qmodernwindowsstyled.dll.
  Creating directory D:/Projects/Dev/Engine/New/CMEngine (Linux)/CMEngine/Build/Debug/tls.
  Updating qcertonlybackendd.dll.
  Updating qopensslbackendd.dll.
  Updating qschannelbackendd.dll.
  Creating D:\Projects\Dev\Engine\New\CMEngine (Linux)\CMEngine\Build\Debug\translations...
  Creating qt_ar.qm...
  Creating qt_bg.qm...
  Creating qt_ca.qm...
  Creating qt_cs.qm...
  Creating qt_da.qm...
  Creating qt_de.qm...
  Creating qt_en.qm...
  Creating qt_es.qm...
  Creating qt_fa.qm...
  Creating qt_fi.qm...
  Creating qt_fr.qm...
  Creating qt_gd.qm...
  Creating qt_he.qm...
  Creating qt_hr.qm...
  Creating qt_hu.qm...
  Creating qt_it.qm...
  Creating qt_ja.qm...
  Creating qt_ka.qm...
  Creating qt_ko.qm...
  Creating qt_lv.qm...
  Creating qt_nl.qm...
  Creating qt_nn.qm...
  Creating qt_pl.qm...
  Creating qt_pt_BR.qm...
  Creating qt_ru.qm...
  Creating qt_sk.qm...
  Creating qt_tr.qm...
  Creating qt_uk.qm...
  Creating qt_zh_CN.qm...
  Creating qt_zh_TW.qm...
